1588902496889	mozrunner::runner	INFO	Running command: "C:\\Program Files\\Mozilla Firefox\\firefox.exe" "-marionette" "-foreground" "-no-remote" "-profile" "C:\\Users\\a\\AppData\\Local\\Temp\\rust_mozprofileOdHZTl"
1588902498372	addons.webextension.doh-rollout@mozilla.org	WARN	Loading extension 'doh-rollout@mozilla.org': Reading manifest: Invalid extension permission: networkStatus
1588902498895	addons.webextension.screenshots@mozilla.org	WARN	Loading extension 'screenshots@mozilla.org': Reading manifest: Invalid extension permission: mozillaAddons
1588902498895	addons.webextension.screenshots@mozilla.org	WARN	Loading extension 'screenshots@mozilla.org': Reading manifest: Invalid extension permission: telemetry
1588902498896	addons.webextension.screenshots@mozilla.org	WARN	Loading extension 'screenshots@mozilla.org': Reading manifest: Invalid extension permission: resource://pdf.js/
1588902498896	addons.webextension.screenshots@mozilla.org	WARN	Loading extension 'screenshots@mozilla.org': Reading manifest: Invalid extension permission: about:reader*
JavaScript error: resource://gre/modules/XULStore.jsm, line 66: Error: Can't find profile directory.
1588902501641	Marionette	INFO	Listening on port 56903
1588902502137	Marionette	WARN	TLS certificate errors will be ignored for this session
1588902504999	Marionette	INFO	Stopped listening on port 56903
IPDL protocol error: Handler returned error code!

###!!! [Parent][DispatchAsyncMessage] Error: PLayerTransaction::Msg_ReleaseLayer Processing error: message was deserialized, but the handler returned false (indicating failure)

IPDL protocol error: Handler returned error code!

###!!! [Parent][DispatchAsyncMessage] Error: PLayerTransaction::Msg_ReleaseLayer Processing error: message was deserialized, but the handler returned false (indicating failure)

IPDL protocol error: Handler returned error code!

###!!! [Parent][DispatchAsyncMessage] Error: PLayerTransaction::Msg_ReleaseLayer Processing error: message was deserialized, but the handler returned false (indicating failure)

IPDL protocol error: Handler returned error code!

###!!! [Parent][DispatchAsyncMessage] Error: PLayerTransaction::Msg_ReleaseLayer Processing error: message was deserialized, but the handler returned false (indicating failure)

IPDL protocol error: Handler returned error code!

###!!! [Parent][DispatchAsyncMessage] Error: PLayerTransaction::Msg_ReleaseLayer Processing error: message was deserialized, but the handler returned false (indicating failure)

IPDL protocol error: Handler returned error code!

###!!! [Parent][DispatchAsyncMessage] Error: PLayerTransaction::Msg_ReleaseLayer Processing error: message was deserialized, but the handler returned false (indicating failure)

IPDL protocol error: Handler returned error code!

###!!! [Parent][DispatchAsyncMessage] Error: PLayerTransaction::Msg_ReleaseLayer Processing error: message was deserialized, but the handler returned false (indicating failure)

IPDL protocol error: Handler returned error code!

###!!! [Parent][DispatchAsyncMessage] Error: PLayerTransaction::Msg_ReleaseLayer Processing error: message was deserialized, but the handler returned false (indicating failure)

JavaScript error: https://cdn0.woolworths.media/traderui/vendor.4629facd16f53b3f8f71.bundle.js, line 29: NS_ERROR_NOT_INITIALIZED: 
[Child 18656, Chrome_ChildThread] WARNING: pipe error: 232: file /builds/worker/checkouts/gecko/ipc/chromium/src/chrome/common/ipc_channel_win.cc, line 522

###!!! [Child][RunMessage] Error: Channel closing: too late to send/recv, messages will be lost


###!!! [Child][MessageChannel::SendAndWait] Error: Channel error: cannot send/recv

1588902608964	mozrunner::runner	INFO	Running command: "C:\\Program Files\\Mozilla Firefox\\firefox.exe" "-marionette" "-foreground" "-no-remote" "-profile" "C:\\Users\\a\\AppData\\Local\\Temp\\rust_mozprofile5snRAr"
1588902610207	addons.webextension.doh-rollout@mozilla.org	WARN	Loading extension 'doh-rollout@mozilla.org': Reading manifest: Invalid extension permission: networkStatus
1588902610632	addons.webextension.screenshots@mozilla.org	WARN	Loading extension 'screenshots@mozilla.org': Reading manifest: Invalid extension permission: mozillaAddons
1588902610632	addons.webextension.screenshots@mozilla.org	WARN	Loading extension 'screenshots@mozilla.org': Reading manifest: Invalid extension permission: telemetry
1588902610632	addons.webextension.screenshots@mozilla.org	WARN	Loading extension 'screenshots@mozilla.org': Reading manifest: Invalid extension permission: resource://pdf.js/
1588902610632	addons.webextension.screenshots@mozilla.org	WARN	Loading extension 'screenshots@mozilla.org': Reading manifest: Invalid extension permission: about:reader*
JavaScript error: resource://gre/modules/XULStore.jsm, line 66: Error: Can't find profile directory.
1588902613426	Marionette	INFO	Listening on port 57067
1588902613686	Marionette	WARN	TLS certificate errors will be ignored for this session
JavaScript error: https://www.woolworths.com.au/shop/browse/specials/half-price/bakery, line 165: SyntaxError: expected expression, got ')'
SourceActor threw an exception: [Exception... "Failed to open input source 'file:///'"  nsresult: "0x80004005 (NS_ERROR_FAILURE)"  location: "JS frame :: resource://devtools/shared/DevToolsUtils.js :: mainThreadFetch/< :: line 680"  data: yes]
Stack: mainThreadFetch/<@resource://devtools/shared/DevToolsUtils.js:680:15
mainThreadFetch@resource://devtools/shared/DevToolsUtils.js:530:10
_fetchURLContents@resource://devtools/server/actors/utils/TabSources.js:580:22
urlContents@resource://devtools/server/actors/utils/TabSources.js:547:17
_resurrectSource@resource://devtools/server/actors/thread.js:1954:69
addAllSources@resource://devtools/server/actors/thread.js:1338:14
onSources@resource://devtools/server/actors/thread.js:1344:10
onPacket@resource://devtools/server/devtools-server-connection.js:380:58
receiveMessage@resource://devtools/shared/transport/child-transport.js:66:16
Line: 680, column: 0
console.error: ({})
JavaScript error: resource://devtools/shared/DevToolsUtils.js, line 680: NS_ERROR_FAILURE: Failed to open input source 'file:///'
1588902731869	Marionette	INFO	Stopped listening on port 57067

###!!! [Child][RunMessage] Error: Channel closing: too late to send/recv, messages will be lost


###!!! [Child][MessageChannel::SendAndWait] Error: Channel error: cannot send/recv

h-rollout@mozilla.org	WARN	Loading extension 'doh-rollout@mozilla.org': Reading manifest: Invalid extension permission: networkStatus
1588902696200	addons.webextension.screenshots@mozilla.org	WARN	Loading extension 'screenshots@mozilla.org': Reading manifest: Invalid extension permission: mozillaAddons
1588902696201	addons.webextension.screenshots@mozilla.org	WARN	Loading extension 'screenshots@mozilla.org': Reading manifest: Invalid extension permission: telemetry
1588902696201	addons.webextension.screenshots@mozilla.org	WARN	Loading extension 'screenshots@mozilla.org': Reading manifest: Invalid extension permission: resource://pdf.js/
1588902696201	addons.webextension.screenshots@mozilla.org	WARN	Loading extension 'screenshots@mozilla.org': Reading manifest: Invalid extension permission: about:reader*
JavaScript error: resource://gre/modules/XULStore.jsm, line 66: Error: Can't find profile directory.
1588902698973	Marionette	INFO	Listening on port 57241
1588902699179	Marionette	WARN	TLS certificate errors will be ignored for this session
1588902703688	Marionette	INFO	Stopped listening on port 57241
JavaScript error: https://cdn0.woolworths.media/traderui/vendor.4629facd16f53b3f8f71.bundle.js, line 29: NS_ERROR_NOT_INITIALIZED: 

###!!! [Child][RunMessage] Error: Channel closing: too late to send/recv, messages will be lost


###!!! [Child][MessageChannel::SendAndWait] Error: Channel error: cannot send/recv

1588902726967	mozrunner::runner	INFO	Running command: "C:\\Program Files\\Mozilla Firefox\\firefox.exe" "-marionette" "-foreground" "-no-remote" "-profile" "C:\\Users\\a\\AppData\\Local\\Temp\\rust_mozprofile5UuUjB"
1588902728417	addons.webextension.doh-rollout@mozilla.org	WARN	Loading extension 'doh-rollout@mozilla.org': Reading manifest: Invalid extension permission: networkStatus
1588902728889	addons.webextension.screenshots@mozilla.org	WARN	Loading extension 'screenshots@mozilla.org': Reading manifest: Invalid extension permission: mozillaAddons
1588902728889	addons.webextension.screenshots@mozilla.org	WARN	Loading extension 'screenshots@mozilla.org': Reading manifest: Invalid extension permission: telemetry
1588902728889	addons.webextension.screenshots@mozilla.org	WARN	Loading extension 'screenshots@mozilla.org': Reading manifest: Invalid extension permission: resource://pdf.js/
1588902728890	addons.webextension.screenshots@mozilla.org	WARN	Loading extension 'screenshots@mozilla.org': Reading manifest: Invalid extension permission: about:reader*
JavaScript error: resource://gre/modules/XULStore.jsm, line 66: Error: Can't find profile directory.
1588902731645	Marionette	INFO	Listening on port 57326
1588902731709	Marionette	WARN	TLS certificate errors will be ignored for this session
JavaScript error: https://www.woolworths.com.au/shop/browse/specials/half-price/bakery, line 165: SyntaxError: expected expression, got ')'
1588902745653	Marionette	INFO	Stopped listening on port 57326

###!!! [Child][RunMessage] Error: Channel closing: too late to send/recv, messages will be lost


###!!! [Child][MessageChannel::SendAndWait] Error: Channel error: cannot send/recv

h-rollout@mozilla.org	WARN	Loading extension 'doh-rollout@mozilla.org': Reading manifest: Invalid extension permission: networkStatus
1588902744186	addons.webextension.screenshots@mozilla.org	WARN	Loading extension 'screenshots@mozilla.org': Reading manifest: Invalid extension permission: mozillaAddons
1588902744186	addons.webextension.screenshots@mozilla.org	WARN	Loading extension 'screenshots@mozilla.org': Reading manifest: Invalid extension permission: telemetry
1588902744186	addons.webextension.screenshots@mozilla.org	WARN	Loading extension 'screenshots@mozilla.org': Reading manifest: Invalid extension permission: resource://pdf.js/
1588902744186	addons.webextension.screenshots@mozilla.org	WARN	Loading extension 'screenshots@mozilla.org': Reading manifest: Invalid extension permission: about:reader*
JavaScript error: resource://gre/modules/XULStore.jsm, line 66: Error: Can't find profile directory.
1588902747002	Marionette	INFO	Listening on port 57447
1588902747085	Marionette	WARN	TLS certificate errors will be ignored for this session
JavaScript error: https://www.woolworths.com.au/shop/browse/specials/half-price/bakery, line 165: SyntaxError: expected expression, got ')'
1588904521822	Marionette	INFO	Stopped listening on port 57447

###!!! [Child][RunMessage] Error: Channel closing: too late to send/recv, messages will be lost


###!!! [Child][MessageChannel::SendAndWait] Error: Channel error: cannot send/recv

h-rollout@mozilla.org	WARN	Loading extension 'doh-rollout@mozilla.org': Reading manifest: Invalid extension permission: networkStatus
1588903014031	addons.webextension.screenshots@mozilla.org	WARN	Loading extension 'screenshots@mozilla.org': Reading manifest: Invalid extension permission: mozillaAddons
1588903014031	addons.webextension.screenshots@mozilla.org	WARN	Loading extension 'screenshots@mozilla.org': Reading manifest: Invalid extension permission: telemetry
1588903014031	addons.webextension.screenshots@mozilla.org	WARN	Loading extension 'screenshots@mozilla.org': Reading manifest: Invalid extension permission: resource://pdf.js/
1588903014031	addons.webextension.screenshots@mozilla.org	WARN	Loading extension 'screenshots@mozilla.org': Reading manifest: Invalid extension permission: about:reader*
JavaScript error: resource://gre/modules/XULStore.jsm, line 66: Error: Can't find profile directory.
1588903016837	Marionette	INFO	Listening on port 57792
1588903016969	Marionette	WARN	TLS certificate errors will be ignored for this session
JavaScript error: https://www.woolworths.com.au/shop/browse/specials/half-price/bakery, line 165: SyntaxError: expected expression, got ')'
1588904521728	Marionette	INFO	Stopped listening on port 57792

###!!! [Child][MessageChannel::SendAndWait] Error: Channel error: cannot send/recv

ile" "C:\\Users\\a\\AppData\\Local\\Temp\\rust_mozprofileGnk06E"
1588903091150	addons.webextension.doh-rollout@mozilla.org	WARN	Loading extension 'doh-rollout@mozilla.org': Reading manifest: Invalid extension permission: networkStatus
1588903091628	addons.webextension.screenshots@mozilla.org	WARN	Loading extension 'screenshots@mozilla.org': Reading manifest: Invalid extension permission: mozillaAddons
1588903091628	addons.webextension.screenshots@mozilla.org	WARN	Loading extension 'screenshots@mozilla.org': Reading manifest: Invalid extension permission: telemetry
1588903091628	addons.webextension.screenshots@mozilla.org	WARN	Loading extension 'screenshots@mozilla.org': Reading manifest: Invalid extension permission: resource://pdf.js/
1588903091628	addons.webextension.screenshots@mozilla.org	WARN	Loading extension 'screenshots@mozilla.org': Reading manifest: Invalid extension permission: about:reader*
JavaScript error: resource://gre/modules/XULStore.jsm, line 66: Error: Can't find profile directory.
1588903094335	Marionette	INFO	Listening on port 57972
1588903094475	Marionette	WARN	TLS certificate errors will be ignored for this session

###!!! [Child][RunMessage] Error: Channel closing: too late to send/recv, messages will be lost

1588904521723	Marionette	INFO	Stopped listening on port 57972

###!!! [Child][MessageChannel::SendAndWait] Error: Channel error: cannot send/recv

h-rollout@mozilla.org	WARN	Loading extension 'doh-rollout@mozilla.org': Reading manifest: Invalid extension permission: networkStatus
1588903119078	addons.webextension.screenshots@mozilla.org	WARN	Loading extension 'screenshots@mozilla.org': Reading manifest: Invalid extension permission: mozillaAddons
1588903119079	addons.webextension.screenshots@mozilla.org	WARN	Loading extension 'screenshots@mozilla.org': Reading manifest: Invalid extension permission: telemetry
1588903119079	addons.webextension.screenshots@mozilla.org	WARN	Loading extension 'screenshots@mozilla.org': Reading manifest: Invalid extension permission: resource://pdf.js/
1588903119079	addons.webextension.screenshots@mozilla.org	WARN	Loading extension 'screenshots@mozilla.org': Reading manifest: Invalid extension permission: about:reader*
JavaScript error: resource://gre/modules/XULStore.jsm, line 66: Error: Can't find profile directory.
1588903121992	Marionette	INFO	Listening on port 58102
1588903122366	Marionette	WARN	TLS certificate errors will be ignored for this session
JavaScript error: , line 0: uncaught exception: null
1588904521741	Marionette	INFO	Stopped listening on port 58102

###!!! [Child][MessageChannel::SendAndWait] Error: Channel error: cannot send/recv

ileX5AW31"
1588903168742	addons.webextension.doh-rollout@mozilla.org	WARN	Loading extension 'doh-rollout@mozilla.org': Reading manifest: Invalid extension permission: networkStatus
1588903169223	addons.webextension.screenshots@mozilla.org	WARN	Loading extension 'screenshots@mozilla.org': Reading manifest: Invalid extension permission: mozillaAddons
1588903169224	addons.webextension.screenshots@mozilla.org	WARN	Loading extension 'screenshots@mozilla.org': Reading manifest: Invalid extension permission: telemetry
1588903169224	addons.webextension.screenshots@mozilla.org	WARN	Loading extension 'screenshots@mozilla.org': Reading manifest: Invalid extension permission: resource://pdf.js/
1588903169224	addons.webextension.screenshots@mozilla.org	WARN	Loading extension 'screenshots@mozilla.org': Reading manifest: Invalid extension permission: about:reader*
JavaScript error: resource://gre/modules/XULStore.jsm, line 66: Error: Can't find profile directory.
1588903172107	Marionette	INFO	Listening on port 58249
1588903172465	Marionette	WARN	TLS certificate errors will be ignored for this session
JavaScript error: https://www.woolworths.com.au/shop/browse/specials/half-price/bakery, line 165: SyntaxError: expected expression, got ')'

###!!! [Child][RunMessage] Error: Channel closing: too late to send/recv, messages will be lost

1588904521894	Marionette	INFO	Stopped listening on port 58249

###!!! [Child][RunMessage] Error: Channel closing: too late to send/recv, messages will be lost


###!!! [Child][MessageChannel::SendAndWait] Error: Channel error: cannot send/recv

ension permission: networkStatus
1588903231574	addons.webextension.screenshots@mozilla.org	WARN	Loading extension 'screenshots@mozilla.org': Reading manifest: Invalid extension permission: mozillaAddons
1588903231574	addons.webextension.screenshots@mozilla.org	WARN	Loading extension 'screenshots@mozilla.org': Reading manifest: Invalid extension permission: telemetry
1588903231574	addons.webextension.screenshots@mozilla.org	WARN	Loading extension 'screenshots@mozilla.org': Reading manifest: Invalid extension permission: resource://pdf.js/
1588903231574	addons.webextension.screenshots@mozilla.org	WARN	Loading extension 'screenshots@mozilla.org': Reading manifest: Invalid extension permission: about:reader*
JavaScript error: resource://gre/modules/XULStore.jsm, line 66: Error: Can't find profile directory.
1588903234511	Marionette	INFO	Listening on port 58415
1588903234828	Marionette	WARN	TLS certificate errors will be ignored for this session
JavaScript error: https://www.woolworths.com.au/shop/browse/specials/half-price/bakery, line 165: SyntaxError: expected expression, got ')'
JavaScript error: , line 0: uncaught exception: null
WARNING: At least one completion condition is taking too long to complete. Conditions: [{"name":"Remote Settings profile-before-change","state":"Remaining: 1 callbacks (importJSONDump-11).","filename":"resource://services-settings/RemoteSettingsWorker.jsm","lineNumber":147,"stack":["resource://services-settings/RemoteSettingsWorker.jsm:null:147","resource://services-settings/RemoteSettingsClient.jsm:_importJSONDump:676","resource://services-settings/RemoteSettingsClient.jsm:get:309","resource://gre/modules/addons/XPIProvider.jsm:awaitPromise:226","resource://gre/modules/addons/XPIInstall.jsm:syncLoadManifest:754","resource://gre/modules/addons/XPIDatabase.jsm:addMetadata:2783","resource://gre/modules/addons/XPIDatabase.jsm:processFileChanges:3219","resource://gre/modules/addons/XPIProvider.jsm:checkForChanges:2955","resource://gre/modules/addons/XPIProvider.jsm:startup:2415","resource://gre/modules/AddonManager.jsm:callProvider:215","resource://gre/modules/AddonManager.jsm:_startProvider:587","resource://gre/modules/AddonManager.jsm:startup:811","resource://gre/modules/AddonManager.jsm:startup:3482","resource://gre/modules/addonManager.js:observe:87"]}] Barrier: profile-before-change
console.error: (new Error("SessionFile is closed", "resource:///modules/sessionstore/SessionFile.jsm", 433))
FATAL ERROR: AsyncShutdown timeout in profile-before-change Conditions: [{"name":"Remote Settings profile-before-change","state":"Remaining: 1 callbacks (importJSONDump-11).","filename":"resource://services-settings/RemoteSettingsWorker.jsm","lineNumber":147,"stack":["resource://services-settings/RemoteSettingsWorker.jsm:null:147","resource://services-settings/RemoteSettingsClient.jsm:_importJSONDump:676","resource://services-settings/RemoteSettingsClient.jsm:get:309","resource://gre/modules/addons/XPIProvider.jsm:awaitPromise:226","resource://gre/modules/addons/XPIInstall.jsm:syncLoadManifest:754","resource://gre/modules/addons/XPIDatabase.jsm:addMetadata:2783","resource://gre/modules/addons/XPIDatabase.jsm:processFileChanges:3219","resource://gre/modules/addons/XPIProvider.jsm:checkForChanges:2955","resource://gre/modules/addons/XPIProvider.jsm:startup:2415","resource://gre/modules/AddonManager.jsm:callProvider:215","resource://gre/modules/AddonManager.jsm:_startProvider:587","resource://gre/modules/AddonManager.jsm:startup:811","resource://gre/modules/AddonManager.jsm:startup:3482","resource://gre/modules/addonManager.js:observe:87"]}] At least one completion condition failed to complete within a reasonable amount of time. Causing a crash to ensure that we do not leave the user with an unresponsive process draining resources.
[Parent 30824, Main Thread] ###!!! ABORT: file resource://services-settings/RemoteSettingsWorker.jsm, line 147
[Parent 30824, Main Thread] ###!!! ABORT: file resource://services-settings/RemoteSettingsWorker.jsm, line 147
hannel error: cannot send/recv

ilenaNEzD"
1588903435615	addons.webextension.doh-rollout@mozilla.org	WARN	Loading extension 'doh-rollout@mozilla.org': Reading manifest: Invalid extension permission: networkStatus
1588903436038	addons.webextension.screenshots@mozilla.org	WARN	Loading extension 'screenshots@mozilla.org': Reading manifest: Invalid extension permission: mozillaAddons
1588903436038	addons.webextension.screenshots@mozilla.org	WARN	Loading extension 'screenshots@mozilla.org': Reading manifest: Invalid extension permission: telemetry
1588903436038	addons.webextension.screenshots@mozilla.org	WARN	Loading extension 'screenshots@mozilla.org': Reading manifest: Invalid extension permission: resource://pdf.js/
1588903436038	addons.webextension.screenshots@mozilla.org	WARN	Loading extension 'screenshots@mozilla.org': Reading manifest: Invalid extension permission: about:reader*
JavaScript error: resource://gre/modules/XULStore.jsm, line 66: Error: Can't find profile directory.
1588903439080	Marionette	INFO	Listening on port 58923
1588903439252	Marionette	WARN	TLS certificate errors will be ignored for this session

###!!! [Child][RunMessage] Error: Channel closing: too late to send/recv, messages will be lost

1588904521745	Marionette	INFO	Stopped listening on port 58923

###!!! [Child][RunMessage] Error: Channel closing: too late to send/recv, messages will be lost


###!!! [Child][MessageChannel::SendAndWait] Error: Channel error: cannot send/recv

ension permission: networkStatus
1588903705506	addons.webextension.screenshots@mozilla.org	WARN	Loading extension 'screenshots@mozilla.org': Reading manifest: Invalid extension permission: mozillaAddons
1588903705506	addons.webextension.screenshots@mozilla.org	WARN	Loading extension 'screenshots@mozilla.org': Reading manifest: Invalid extension permission: telemetry
1588903705506	addons.webextension.screenshots@mozilla.org	WARN	Loading extension 'screenshots@mozilla.org': Reading manifest: Invalid extension permission: resource://pdf.js/
1588903705506	addons.webextension.screenshots@mozilla.org	WARN	Loading extension 'screenshots@mozilla.org': Reading manifest: Invalid extension permission: about:reader*
1588903705757	addons.xpi-utils	WARN	Failed to save XPI database: {"operation":"write","path":"C:\\Users\\a\\AppData\\Local\\Temp\\rust_mozprofilenRkaZC\\extensions.json","winLastError":112}
JavaScript error: , line 0: QuotaExceededError: The current transaction exceeded its quota limitations.
JavaScript error: resource://gre/modules/XULStore.jsm, line 66: Error: Can't find profile directory.
JavaScript error: undefined, line 0: Error: QuotaExceededError: storage.local API call exceeded its quota limitations.
console.error: PushService: 
  stateChangeProcessEnqueue: Error transitioning state
  QuotaExceededError
1588903708355	addons.xpi-utils	WARN	Failed to save XPI database: {"operation":"write","path":"C:\\Users\\a\\AppData\\Local\\Temp\\rust_mozprofilenRkaZC\\extensions.json","winLastError":112}
1588903708408	Marionette	INFO	Listening on port 59319
1588903708616	Marionette	WARN	TLS certificate errors will be ignored for this session
1588903709830	addons.xpi-utils	WARN	Failed to save XPI database: {"operation":"write","path":"C:\\Users\\a\\AppData\\Local\\Temp\\rust_mozprofilenRkaZC\\extensions.json","winLastError":112}
console.error: "Could not write session state file " (new Error("", "(unknown module)")) ""
JavaScript error: resource://gre/modules/Sqlite.jsm, line 887: Error: Error(s) encountered during statement execution: database or disk is full
console.error: "Could not write session state file " (new Error("", "(unknown module)")) ""
console.error: "Could not write session state file " (new Error("", "(unknown module)")) ""
console.warn: services.settings: main/fxmonitor-breaches sync already running
console.warn: services.settings: main/cfr-fxa sync already running
[Child 34908, Chrome_ChildThread] WARNING: pipe error: 232: file /builds/worker/checkouts/gecko/ipc/chromium/src/chrome/common/ipc_channel_win.cc, line 522
[Child 34908, Chrome_ChildThread] WARNING: pipe error: 232: file /builds/worker/checkouts/gecko/ipc/1588904521270	addons.xpi-utils	WARN	Error: XPI database modified after shutdown began(resource://gre/modules/addons/XPIDatabase.jsm:1545:17) JS Stack trace: saveChanges@XPIDatabase.jsm:1545:17
shutdown@XPIDatabase.jsm:1817:14
shutdown@XPIProvider.jsm:2657:23
_startProvider/AMProviderShutdown/<@AddonManager.jsm:609:29
AMProviderShutdown@AddonManager.jsm:607:16
trigger@AsyncShutdown.jsm:726:23
_wait@AsyncShutdown.jsm:878:15
wait@AsyncShutdown.jsm:859:34
shutdownManager@AddonManager.jsm:1074:37
observe@AsyncShutdown.jsm:554:16
chromium/src/chrome/common/ipc_channel_win.cc, line 522
WARNING: At least one completion condition is taking too long to complete. Conditions: [{"name":"RemoteSettingsClient - finish IDB access.","state":["importBulk() in main/fxmonitor-breaches","importBulk() in main/cfr-fxa"],"filename":"resource://services-settings/Database.jsm","lineNumber":512,"stack":["resource://services-settings/Database.jsm:ensureShutdownBlocker:512","resource://services-settings/Database.jsm:Database:60","resource://services-settings/RemoteSettingsClient.jsm:RemoteSettingsClient/<:237","resource://gre/modules/XPCOMUtils.jsm:get:129","resource://services-settings/Utils.jsm:hasLocalData:98","resource://services-settings/RemoteSettingsClient.jsm:get:302","resource://gre/modules/Blocklist.jsm:_updateEntries:1078","resource://gre/modules/Blocklist.jsm:_ensureEntries:1069","resource://gre/modules/Blocklist.jsm:getEntry:1229","resource://gre/modules/Blocklist.jsm:getAddonBlocklistEntry:1460","resource://gre/modules/addons/XPIDatabase.jsm:findBlocklistEntry:566","resource://gre/modules/addons/XPIDatabase.jsm:updateBlocklistState:574","resource://gre/modules/addons/XPIInstall.jsm:loadManifest:709","resource://gre/modules/addons/XPIProvider.jsm:awaitPromise:226","resource://gre/modules/addons/XPIInstall.jsm:syncLoadManifest:754","resource://gre/modules/addons/XPIDatabase.jsm:addMetadata:2783","resource://gre/modules/addons/XPIDatabase.jsm:processFileChanges:3219","resource://gre/modules/addons/XPIProvider.jsm:checkForChanges:2955","resource://gre/modules/addons/XPIProvider.jsm:startup:2415","resource://gre/modules/AddonManager.jsm:callProvider:215","resource://gre/modules/AddonManager.jsm:_startProvider:587","resource://gre/modules/AddonManager.jsm:startup:811","resource://gre/modules/AddonManager.jsm:startup:3482","resource://gre/modules/addonManager.js:observe:87"]},{"name":"Remote Settings profile-before-change","state":"Remaining: 2 callbacks (importJSONDump-4, importJSONDump-5).","filename":"resource://services-settings/RemoteSettingsWorker.jsm","lineNumber":147,"stack":["resource://services-settings/RemoteSettingsWorker.jsm:null:147","resource://services-settings/RemoteSettingsClient.jsm:_importJSONDump:676","resource://services-settings/RemoteSettingsClient.jsm:get:309","resource://gre/modules/addons/XPIProvider.jsm:awaitPromise:226","resource://gre/modules/addons/XPIInstall.jsm:syncLoadManifest:754","resource://gre/modules/addons/XPIDatabase.jsm:addMetadata:2783","resource://gre/modules/addons/XPIDatabase.jsm:processFileChanges:3219","resource://gre/modules/addons/XPIProvider.jsm:checkForChanges:2955","resource://gre/modules/addons/XPIProvider.jsm:startup:2415","resource://gre/modules/AddonManager.jsm:callProvider:215","resource://gre/modules/AddonManager.jsm:_startProvider:587","resource://gre/modules/AddonManager.jsm:startup:811","resource://gre/modules/AddonManager.jsm:startup:3482","resource://gre/modules/addonManager.js:observe:87"]}] Barrier: profile-before-change
console.error: (new Error("SessionFile is closed", "resource:///modules/sessionstore/SessionFile.jsm", 433))
FATAL ERROR: AsyncShutdown timeout in profile-before-change Conditions: [{"name":"RemoteSettingsClient - finish IDB access.","state":["importBulk() in main/fxmonitor-breaches","importBulk() in main/cfr-fxa"],"filename":"resource://services-settings/Database.jsm","lineNumber":512,"stack":["resource://services-settings/Database.jsm:ensureShutdownBlocker:512","resource://services-settings/Database.jsm:Database:60","resource://services-settings/RemoteSettingsClient.jsm:RemoteSettingsClient/<:237","resource://gre/modules/XPCOMUtils.jsm:get:129","resource://services-settings/Utils.jsm:hasLocalData:98","resource://services-settings/RemoteSettingsClient.jsm:get:302","resource://gre/modules/Blocklist.jsm:_updateEntries:1078","resource://gre/modules/Blocklist.jsm:_ensureEntries:1069","resource://gre/modules/Blocklist.jsm:getEntry:1229","resource://gre/modules/Blocklist.jsm:getAddonBlocklistEntry:1460","resource://gre/modules/addons/XPIDatabase.jsm:findBlocklistEntry:566","resource://gre/modules/addons/XPIDatabase.jsm:updateBlocklistState:574","resource://gre/modules/addons/XPIInstall.jsm:loadManifest:709","resource://gre/modules/addons/XPIProvider.jsm:awaitPromise:226","resource://gre/modules/addons/XPIInstall.jsm:syncLoadManifest:754","resource://gre/modules/addons/XPIDatabase.jsm:addMetadata:2783","resource://gre/modules/addons/XPIDatabase.jsm:processFileChanges:3219","resource://gre/modules/addons/XPIProvider.jsm:checkForChanges:2955","resource://gre/modules/addons/XPIProvider.jsm:startup:2415","resource://gre/modules/AddonManager.jsm:callProvider:215","resource://gre/modules/AddonManager.jsm:_startProvider:587","resource://gre/modules/AddonManager.jsm:startup:811","resource://gre/modules/AddonManager.jsm:startup:3482","resource://gre/modules/addonManager.js:observe:87"]},{"name":"Remote Settings profile-before-change","state":"Remaining: 2 callbacks (importJSONDump-4, importJSONDump-5).","filename":"resource://services-settings/RemoteSettingsWorker.jsm","lineNumber":147,"stack":["resource://services-settings/RemoteSettingsWorker.jsm:null:147","resource://services-settings/RemoteSettingsClient.jsm:_importJSONDump:676","resource://services-settings/RemoteSettingsClient.jsm:get:309","resource://gre/modules/addons/XPIProvider.jsm:awaitPromise:226","resource://gre/modules/addons/XPIInstall.jsm:syncLoadManifest:754","resource://gre/modules/addons/XPIDatabase.jsm:addMetadata:2783","resource://gre/modules/addons/XPIDatabase.jsm:processFileChanges:3219","resource://gre/modules/addons/XPIProvider.jsm:checkForChanges:2955","resource://gre/modules/addons/XPIProvider.jsm:startup:2415","resource://gre/modules/AddonManager.jsm:callProvider:215","resource://gre/modules/AddonManager.jsm:_startProvider:587","resource://gre/modules/AddonManager.jsm:startup:811","resource://gre/modules/AddonManager.jsm:startup:3482","resource://gre/modules/addonManager.js:observe:87"]}] At least one completion condition failed to complete within a reasonable amount of time. Causing a crash to ensure that we do not leave the user with an unresponsive process draining resources.
[Parent 28372, Main Thread] ###!!! ABORT: file resource://services-settings/Database.jsm, line 512
[Parent 28372, Main Thread] ###!!! ABORT: file resource://services-settings/Database.jsm, line 512
red for this session

###!!! [Child][MessageChannel] Error: (msgtype=0x380128,name=PContent::Msg_ScriptError) Channel closing: too late to send/recv, messages will be lost


###!!! [Child][MessageChannel] Error: (msgtype=0x59000D,name=PHttpChannel::Msg_DeletingChannel) Channel closing: too late to send/recv, messages will be lost


###!!! [Child][MessageChannel] Error: (msgtype=0x59000D,name=PHttpChannel::Msg_DeletingChannel) Channel closing: too late to send/recv, messages will be lost

1588904521128	Marionette	INFO	Stopped listening on port 60387

###!!! [Child][RunMessage] Error: Channel closing: too late to send/recv, messages will be lost


###!!! [Child][MessageChannel::SendAndWait] Error: Channel error: cannot send/recv

64884	addons.webextension.screenshots@mozilla.org	WARN	Loading extension 'screenshots@mozilla.org': Reading manifest: Invalid extension permission: resource://pdf.js/
1588904464884	addons.webextension.screenshots@mozilla.org	WARN	Loading extension 'screenshots@mozilla.org': Reading manifest: Invalid extension permission: about:reader*
JavaScript error: resource://gre/modules/XULStore.jsm, line 66: Error: Can't find profile directory.
1588904468751	Marionette	INFO	Listening on port 60691
1588904469131	Marionette	WARN	TLS certificate errors will be ignored for this session
JavaScript error: https://www.woolworths.com.au/shop/browse/specials/half-price, line 165: SyntaxError: expected expression, got ')'
[Parent 34580, Gecko_IOThread] WARNING: file /builds/worker/checkouts/gecko/ipc/chromium/src/base/process_util_win.cc, line 166
1588904521727	Marionette	INFO	Stopped listening on port 60691

###!!! [Child][RunMessage] Error: Channel closing: too late to send/recv, messages will be lost


###!!! [Child][MessageChannel::SendAndWait] Error: Channel error: cannot send/recv

JavaScript error: resource://gre/modules/osfile/osfile_async_front.jsm, line 426: Error: OS.File has been shut down. Rejecting post to stat
1588904627499	mozrunner::runner	INFO	Running command: "C:\\Program Files\\Mozilla Firefox\\firefox.exe" "-marionette" "-foreground" "-no-remote" "-profile" "C:\\Users\\a\\AppData\\Local\\Temp\\rust_mozprofileUv7jbN"
1588904628855	addons.webextension.doh-rollout@mozilla.org	WARN	Loading extension 'doh-rollout@mozilla.org': Reading manifest: Invalid extension permission: networkStatus
1588904629302	addons.webextension.screenshots@mozilla.org	WARN	Loading extension 'screenshots@mozilla.org': Reading manifest: Invalid extension permission: mozillaAddons
1588904629303	addons.webextension.screenshots@mozilla.org	WARN	Loading extension 'screenshots@mozilla.org': Reading manifest: Invalid extension permission: telemetry
1588904629303	addons.webextension.screenshots@mozilla.org	WARN	Loading extension 'screenshots@mozilla.org': Reading manifest: Invalid extension permission: resource://pdf.js/
1588904629303	addons.webextension.screenshots@mozilla.org	WARN	Loading extension 'screenshots@mozilla.org': Reading manifest: Invalid extension permission: about:reader*
JavaScript error: resource://gre/modules/XULStore.jsm, line 66: Error: Can't find profile directory.
1588904632039	Marionette	INFO	Listening on port 60984
1588904632223	Marionette	WARN	TLS certificate errors will be ignored for this session
JavaScript error: https://www.woolworths.com.au/shop/browse/specials/half-price, line 165: SyntaxError: expected expression, got ')'
1588904781741	Marionette	INFO	Stopped listening on port 60984

###!!! [Child][RunMessage] Error: Channel closing: too late to send/recv, messages will be lost


###!!! [Child][MessageChannel::SendAndWait] Error: Channel error: cannot send/recv

h-rollout@mozilla.org	WARN	Loading extension 'doh-rollout@mozilla.org': Reading manifest: Invalid extension permission: networkStatus
1588904775591	addons.webextension.screenshots@mozilla.org	WARN	Loading extension 'screenshots@mozilla.org': Reading manifest: Invalid extension permission: mozillaAddons
1588904775591	addons.webextension.screenshots@mozilla.org	WARN	Loading extension 'screenshots@mozilla.org': Reading manifest: Invalid extension permission: telemetry
1588904775591	addons.webextension.screenshots@mozilla.org	WARN	Loading extension 'screenshots@mozilla.org': Reading manifest: Invalid extension permission: resource://pdf.js/
1588904775591	addons.webextension.screenshots@mozilla.org	WARN	Loading extension 'screenshots@mozilla.org': Reading manifest: Invalid extension permission: about:reader*
JavaScript error: resource://gre/modules/XULStore.jsm, line 66: Error: Can't find profile directory.
1588904778407	Marionette	INFO	Listening on port 61221
1588904778488	Marionette	WARN	TLS certificate errors will be ignored for this session
1588911871231	Marionette	INFO	Stopped listening on port 61221

###!!! [Child][RunMessage] Error: Channel closing: too late to send/recv, messages will be lost


###!!! [Child][MessageChannel::SendAndWait] Error: Channel error: cannot send/recv

h-rollout@mozilla.org	WARN	Loading extension 'doh-rollout@mozilla.org': Reading manifest: Invalid extension permission: networkStatus
1588904926176	addons.webextension.screenshots@mozilla.org	WARN	Loading extension 'screenshots@mozilla.org': Reading manifest: Invalid extension permission: mozillaAddons
1588904926176	addons.webextension.screenshots@mozilla.org	WARN	Loading extension 'screenshots@mozilla.org': Reading manifest: Invalid extension permission: telemetry
1588904926176	addons.webextension.screenshots@mozilla.org	WARN	Loading extension 'screenshots@mozilla.org': Reading manifest: Invalid extension permission: resource://pdf.js/
1588904926176	addons.webextension.screenshots@mozilla.org	WARN	Loading extension 'screenshots@mozilla.org': Reading manifest: Invalid extension permission: about:reader*
JavaScript error: resource://gre/modules/XULStore.jsm, line 66: Error: Can't find profile directory.
1588904928755	Marionette	INFO	Listening on port 61447
1588904929109	Marionette	WARN	TLS certificate errors will be ignored for this session
JavaScript error: https://www.woolworths.com.au/shop/browse/specials/half-price, line 165: SyntaxError: expected expression, got ')'
[Child 6304, Chrome_ChildThread] WARNING: pipe error: 232: file /builds/worker/checkouts/gecko/ipc/chromium/src/chrome/common/ipc_channel_win.cc, line 522

###!!! [Child][RunMessage] Error: Channel closing: too late to send/recv, messages will be lost


###!!! [Child][RunMessage] Error: Channel closing: too late to send/recv, messages will be lost


###!!! [Child][RunMessage] Error: Channel closing: too late to send/recv, messages will be lost

1588905343476	Marionette	INFO	Stopped listening on port 61447

###!!! [Child][RunMessage] Error: Channel closing: too late to send/recv, messages will be lost


###!!! [Child][MessageChannel::SendAndWait] Error: Channel error: cannot send/recv

1588905701592	mozrunner::runner	INFO	Running command: "C:\\Program Files\\Mozilla Firefox\\firefox.exe" "-marionette" "-foreground" "-no-remote" "-profile" "C:\\Users\\a\\AppData\\Local\\Temp\\rust_mozprofile7inPh2"
1588905702900	addons.webextension.doh-rollout@mozilla.org	WARN	Loading extension 'doh-rollout@mozilla.org': Reading manifest: Invalid extension permission: networkStatus
1588905703375	addons.webextension.screenshots@mozilla.org	WARN	Loading extension 'screenshots@mozilla.org': Reading manifest: Invalid extension permission: mozillaAddons
1588905703376	addons.webextension.screenshots@mozilla.org	WARN	Loading extension 'screenshots@mozilla.org': Reading manifest: Invalid extension permission: telemetry
1588905703376	addons.webextension.screenshots@mozilla.org	WARN	Loading extension 'screenshots@mozilla.org': Reading manifest: Invalid extension permission: resource://pdf.js/
1588905703376	addons.webextension.screenshots@mozilla.org	WARN	Loading extension 'screenshots@mozilla.org': Reading manifest: Invalid extension permission: about:reader*
JavaScript error: resource://gre/modules/XULStore.jsm, line 66: Error: Can't find profile directory.
1588905706005	Marionette	INFO	Listening on port 62273
1588905706312	Marionette	WARN	TLS certificate errors will be ignored for this session
1588905978914	mozrunner::runner	INFO	Running command: "C:\\Program Files\\Mozilla Firefox\\firefox.exe" "-marionette" "-foreground" "-no-remote" "-profile" "C:\\Users\\a\\AppData\\Local\\Temp\\rust_mozprofileTltxhy"
1588905980328	addons.webextension.doh-rollout@mozilla.org	WARN	Loading extension 'doh-rollout@mozilla.org': Reading manifest: Invalid extension permission: networkStatus
1588905980768	addons.webextension.screenshots@mozilla.org	WARN	Loading extension 'screenshots@mozilla.org': Reading manifest: Invalid extension permission: mozillaAddons
1588905980768	addons.webextension.screenshots@mozilla.org	WARN	Loading extension 'screenshots@mozilla.org': Reading manifest: Invalid extension permission: telemetry
1588905980768	addons.webextension.screenshots@mozilla.org	WARN	Loading extension 'screenshots@mozilla.org': Reading manifest: Invalid extension permission: resource://pdf.js/
1588905980768	addons.webextension.screenshots@mozilla.org	WARN	Loading extension 'screenshots@mozilla.org': Reading manifest: Invalid extension permission: about:reader*
JavaScript error: resource://gre/modules/XULStore.jsm, line 66: Error: Can't find profile directory.
1588905983551	Marionette	INFO	Listening on port 62670
1588905983638	Marionette	WARN	TLS certificate errors will be ignored for this session
[Child 24380, Chrome_ChildThread] WAR
###!!! [Child][MessageChannel] Error: (msgtype=0x6A0029,name=PNecko::Msg_RemoveRequestContext) Channel closing: too late to send/recv, messages will be lost

NING: pipe error: 232: file
###!!! [Child][RunMessage] Error: Channel closing: too late to send/recv, messages will be lost

 /builds/worker/checkouts/gecko/ipc/chromium/src/chrome/common/ipc_channel_win.cc, line 522
1588911868843	Marionette	INFO	Stopped listening on port 62670

###!!! [Child][RunMessage] Error: Channel closing: too late to send/recv, messages will be lost


###!!! [Child][MessageChannel::SendAndWait] Error: Channel error: cannot send/recv

g manifest: Invalid extension permission: telemetry
1588906014295	addons.webextension.screenshots@mozilla.org	WARN	Loading extension 'screenshots@mozilla.org': Reading manifest: Invalid extension permission: resource://pdf.js/
1588906014295	addons.webextension.screenshots@mozilla.org	WARN	Loading extension 'screenshots@mozilla.org': Reading manifest: Invalid extension permission: about:reader*
JavaScript error: resource://gre/modules/XULStore.jsm, line 66: Error: Can't find profile directory.
1588906017111	Marionette	INFO	Listening on port 62826
1588906017545	Marionette	WARN	TLS certificate errors will be ignored for this session
1588906024015	mozrunner::runner	INFO	Running command: "C:\\Program Files\\Mozilla Firefox\\firefox.exe" "-marionette" "-foreground" "-
###!!! [Child][RunMessage] Error: Channel closing: too late to send/recv, messages will be lost

1588911868117	Marionette	INFO	Stopped listening on port 62826

###!!! [Child][RunMessage] Error: Channel closing: too late to send/recv, messages will be lost


###!!! [Child][MessageChannel::SendAndWait] Error: Channel error: cannot send/recv

a.org': Reading manifest: Invalid extension permission: mozillaAddons
1588906026043	addons.webextension.screenshots@mozilla.org	WARN	Loading extension 'screenshots@mozilla.org': Reading manifest: Invalid extension permission: telemetry
1588906026043	addons.webextension.screenshots@mozilla.org	WARN	Loading extension 'screenshots@mozilla.org': Reading manifest: Invalid extension permission: resource://pdf.js/
1588906026043	addons.webextension.screenshots@mozilla.org	WARN	Loading extension 'screenshots@mozilla.org': Reading manifest: Invalid extension permission: about:reader*
JavaScript error: resource://gre/modules/XULStore.jsm, line 66: Error: Can't find profile directory.
1588906029050	Marionette	INFO	Listening on port 62945
1588906029233	Marionette	WARN	TLS certificate errors will be ignored for this session
1588911871780	Marionette	INFO	Stopped listening on port 62945

###!!! [Child][RunMessage] Error: Channel closing: too late to send/recv, messages will be lost


###!!! [Child][MessageChannel::SendAndWait] Error: Channel error: cannot send/recv

h-rollout@mozilla.org	WARN	Loading extension 'doh-rollout@mozilla.org': Reading manifest: Invalid extension permission: networkStatus
1588906075802	addons.webextension.screenshots@mozilla.org	WARN	Loading extension 'screenshots@mozilla.org': Reading manifest: Invalid extension permission: mozillaAddons
1588906075802	addons.webextension.screenshots@mozilla.org	WARN	Loading extension 'screenshots@mozilla.org': Reading manifest: Invalid extension permission: telemetry
1588906075802	addons.webextension.screenshots@mozilla.org	WARN	Loading extension 'screenshots@mozilla.org': Reading manifest: Invalid extension permission: resource://pdf.js/
1588906075803	addons.webextension.screenshots@mozilla.org	WARN	Loading extension 'screenshots@mozilla.org': Reading manifest: Invalid extension permission: about:reader*
JavaScript error: resource://gre/modules/XULStore.jsm, line 66: Error: Can't find profile directory.
1588906078804	Marionette	INFO	Listening on port 63106
1588906079031	Marionette	WARN	TLS certificate errors will be ignored for this session
JavaScript error: https://www.woolworths.com.au/shop/browse/specials/half-price, line 165: SyntaxError: expected expression, got ')'
1588911867596	Marionette	INFO	Stopped listening on port 63106

###!!! [Child][RunMessage] Error: Channel closing: too late to send/recv, messages will be lost


###!!! [Child][MessageChannel::SendAndWait] Error: Channel error: cannot send/recv

h-rollout@mozilla.org	WARN	Loading extension 'doh-rollout@mozilla.org': Reading manifest: Invalid extension permission: networkStatus
1588906115783	addons.webextension.screenshots@mozilla.org	WARN	Loading extension 'screenshots@mozilla.org': Reading manifest: Invalid extension permission: mozillaAddons
1588906115783	addons.webextension.screenshots@mozilla.org	WARN	Loading extension 'screenshots@mozilla.org': Reading manifest: Invalid extension permission: telemetry
1588906115784	addons.webextension.screenshots@mozilla.org	WARN	Loading extension 'screenshots@mozilla.org': Reading manifest: Invalid extension permission: resource://pdf.js/
1588906115784	addons.webextension.screenshots@mozilla.org	WARN	Loading extension 'screenshots@mozilla.org': Reading manifest: Invalid extension permission: about:reader*
JavaScript error: resource://gre/modules/XULStore.jsm, line 66: Error: Can't find profile directory.
1588906118771	Marionette	INFO	Listening on port 63247
1588906119133	Marionette	WARN	TLS certificate errors will be ignored for this session
JavaScript error: https://www.woolworths.com.au/shop/browse/specials/half-price, line 165: SyntaxError: expected expression, got ')'
1588911866966	Marionette	INFO	Stopped listening on port 63247

###!!! [Child][RunMessage] Error: Channel closing: too late to send/recv, messages will be lost


###!!! [Child][MessageChannel::SendAndWait] Error: Channel error: cannot send/recv

h-rollout@mozilla.org	WARN	Loading extension 'doh-rollout@mozilla.org': Reading manifest: Invalid extension permission: networkStatus
1588906153599	addons.webextension.screenshots@mozilla.org	WARN	Loading extension 'screenshots@mozilla.org': Reading manifest: Invalid extension permission: mozillaAddons
1588906153599	addons.webextension.screenshots@mozilla.org	WARN	Loading extension 'screenshots@mozilla.org': Reading manifest: Invalid extension permission: telemetry
1588906153599	addons.webextension.screenshots@mozilla.org	WARN	Loading extension 'screenshots@mozilla.org': Reading manifest: Invalid extension permission: resource://pdf.js/
1588906153599	addons.webextension.screenshots@mozilla.org	WARN	Loading extension 'screenshots@mozilla.org': Reading manifest: Invalid extension permission: about:reader*
JavaScript error: resource://gre/modules/XULStore.jsm, line 66: Error: Can't find profile directory.
1588906156819	Marionette	INFO	Listening on port 63386
1588906157134	Marionette	WARN	TLS certificate errors will be ignored for this session
JavaScript error: https://www.woolworths.com.au/shop/browse/specials/half-price, line 165: SyntaxError: expected expression, got ')'
1588911866643	Marionette	INFO	Stopped listening on port 63386

###!!! [Child][MessageChannel::SendAndWait] Error: Channel error: cannot send/recv

ile" "C:\\Users\\a\\AppData\\Local\\Temp\\rust_mozprofilehkpn46"
1588906225919	addons.webextension.doh-rollout@mozilla.org	WARN	Loading extension 'doh-rollout@mozilla.org': Reading manifest: Invalid extension permission: networkStatus
1588906226367	addons.webextension.screenshots@mozilla.org	WARN	Loading extension 'screenshots@mozilla.org': Reading manifest: Invalid extension permission: mozillaAddons
1588906226367	addons.webextension.screenshots@mozilla.org	WARN	Loading extension 'screenshots@mozilla.org': Reading manifest: Invalid extension permission: telemetry
1588906226367	addons.webextension.screenshots@mozilla.org	WARN	Loading extension 'screenshots@mozilla.org': Reading manifest: Invalid extension permission: resource://pdf.js/
1588906226367	addons.webextension.screenshots@mozilla.org	WARN	Loading extension 'screenshots@mozilla.org': Reading manifest: Invalid extension permission: about:reader*
JavaScript error: resource://gre/modules/XULStore.jsm, line 66: Error: Can't find profile directory.
1588906229447	Marionette	INFO	Listening on port 63559
1588906229864	Marionette	WARN	TLS certificate errors will be ignored for this session
1588911865991	Marionette	INFO	Stopped listening on port 63559

###!!! [Child][RunMessage] Error: Channel closing: too late to send/recv, messages will be lost


###!!! [Child][MessageChannel::SendAndWait] Error: Channel error: cannot send/recv

h-rollout@mozilla.org	WARN	Loading extension 'doh-rollout@mozilla.org': Reading manifest: Invalid extension permission: networkStatus
1588906268644	addons.webextension.screenshots@mozilla.org	WARN	Loading extension 'screenshots@mozilla.org': Reading manifest: Invalid extension permission: mozillaAddons
1588906268644	addons.webextension.screenshots@mozilla.org	WARN	Loading extension 'screenshots@mozilla.org': Reading manifest: Invalid extension permission: telemetry
1588906268644	addons.webextension.screenshots@mozilla.org	WARN	Loading extension 'screenshots@mozilla.org': Reading manifest: Invalid extension permission: resource://pdf.js/
1588906268645	addons.webextension.screenshots@mozilla.org	WARN	Loading extension 'screenshots@mozilla.org': Reading manifest: Invalid extension permission: about:reader*
JavaScript error: resource://gre/modules/XULStore.jsm, line 66: Error: Can't find profile directory.
1588906271748	Marionette	INFO	Listening on port 63701
1588906272119	Marionette	WARN	TLS certificate errors will be ignored for this session
JavaScript error: https://www.woolworths.com.au/shop/browse/specials/half-price, line 165: SyntaxError: expected expression, got ')'
1588911865461	Marionette	INFO	Stopped listening on port 63701

###!!! [Child][RunMessage] Error: Channel closing: too late to send/recv, messages will be lost


###!!! [Child][MessageChannel::SendAndWait] Error: Channel error: cannot send/recv

h-rollout@mozilla.org	WARN	Loading extension 'doh-rollout@mozilla.org': Reading manifest: Invalid extension permission: networkStatus
1588906312161	addons.webextension.screenshots@mozilla.org	WARN	Loading extension 'screenshots@mozilla.org': Reading manifest: Invalid extension permission: mozillaAddons
1588906312161	addons.webextension.screenshots@mozilla.org	WARN	Loading extension 'screenshots@mozilla.org': Reading manifest: Invalid extension permission: telemetry
1588906312161	addons.webextension.screenshots@mozilla.org	WARN	Loading extension 'screenshots@mozilla.org': Reading manifest: Invalid extension permission: resource://pdf.js/
1588906312161	addons.webextension.screenshots@mozilla.org	WARN	Loading extension 'screenshots@mozilla.org': Reading manifest: Invalid extension permission: about:reader*
JavaScript error: resource://gre/modules/XULStore.jsm, line 66: Error: Can't find profile directory.
1588906315378	Marionette	INFO	Listening on port 63841
1588906315558	Marionette	WARN	TLS certificate errors will be ignored for this session
JavaScript error: https://www.woolworths.com.au/shop/browse/specials/half-price, line 165: SyntaxError: expected expression, got ')'

###!!! [Child][RunMessage] Error: Channel closing: too late to send/recv, messages will be lost


###!!! [Child][RunMessage] Error: Channel closing: too late to send/recv, messages will be lost

1588911865070	Marionette	INFO	Stopped listening on port 63841

###!!! [Child][RunMessage] Error: Channel closing: too late to send/recv, messages will be lost


###!!! [Child][MessageChannel::SendAndWait] Error: Channel error: cannot send/recv

ing extension 'screenshots@mozilla.org': Reading manifest: Invalid extension permission: mozillaAddons
1588907748955	addons.webextension.screenshots@mozilla.org	WARN	Loading extension 'screenshots@mozilla.org': Reading manifest: Invalid extension permission: telemetry
1588907748955	addons.webextension.screenshots@mozilla.org	WARN	Loading extension 'screenshots@mozilla.org': Reading manifest: Invalid extension permission: resource://pdf.js/
1588907748955	addons.webextension.screenshots@mozilla.org	WARN	Loading extension 'screenshots@mozilla.org': Reading manifest: Invalid extension permission: about:reader*
JavaScript error: resource://gre/modules/XULStore.jsm, line 66: Error: Can't find profile directory.
1588907752048	Marionette	INFO	Listening on port 65201
1588907752434	Marionette	WARN	TLS certificate errors will be ignored for this session
JavaScript error: https://embed.salefinder.com.au/126/?_=1588907753436, line 347: TypeError: locationName is undefined
SourceActor threw an exception: [Exception... "Component returned failure code: 0x80470002 (NS_BASE_STREAM_CLOSED) [nsIInputStream.available]"  nsresult: "0x80470002 (NS_BASE_STREAM_CLOSED)"  location: "JS frame :: resource://devtools/shared/DevToolsUtils.js :: onResponse :: line 579"  data: no]
Stack: onResponse@resource://devtools/shared/DevToolsUtils.js:579:34
onStopRequest@resource://gre/modules/NetUtil.jsm:128:18
Line: 579, column: 0
console.error: ({})
JavaScript error: resource://devtools/shared/DevToolsUtils.js, line 579: NS_BASE_STREAM_CLOSED: Component returned failure code: 0x80470002 (NS_BASE_STREAM_CLOSED) [nsIInputStream.available]
JavaScript error: resource://gre/actors/AutoCompleteChild.jsm, line 196: Error: Invalid autocomplete selectedIndex
console.error: "Error while calling actor 'layout's method 'getGrids'" "node is null"
console.error: "getGrids@resource://devtools/server/actors/layout.js:502:26\ngetGrids@resource://devtools/server/actors/layout.js:507:43\nhandler@resource://devtools/shared/protocol/Actor.js:154:37\nonPacket@resource://devtools/server/devtools-server-connection.js:380:58\nreceiveMessage@resource://devtools/shared/transport/child-transport.js:66:16\n"
ps://www.woolworths.com.au/shop/browse/specials/half-price, line 165: SyntaxError: expected expression, got ')'
1588911864076	Marionette	INFO	Stopped listening on port 65340

###!!! [Child][RunMessage] Error: Channel closing: too late to send/recv, messages will be lost


###!!! [Child][MessageChannel::SendAndWait] Error: Channel error: cannot send/recv

h-rollout@mozilla.org	WARN	Loading extension 'doh-rollout@mozilla.org': Reading manifest: Invalid extension permission: networkStatus
1588907815148	addons.webextension.screenshots@mozilla.org	WARN	Loading extension 'screenshots@mozilla.org': Reading manifest: Invalid extension permission: mozillaAddons
1588907815149	addons.webextension.screenshots@mozilla.org	WARN	Loading extension 'screenshots@mozilla.org': Reading manifest: Invalid extension permission: telemetry
1588907815149	addons.webextension.screenshots@mozilla.org	WARN	Loading extension 'screenshots@mozilla.org': Reading manifest: Invalid extension permission: resource://pdf.js/
1588907815149	addons.webextension.screenshots@mozilla.org	WARN	Loading extension 'screenshots@mozilla.org': Reading manifest: Invalid extension permission: about:reader*
JavaScript error: resource://gre/modules/XULStore.jsm, line 66: Error: Can't find profile directory.
1588907818404	Marionette	INFO	Listening on port 65482
1588907818563	Marionette	WARN	TLS certificate errors will be ignored for this session

###!!! [Child][MessageChannel] Error: (msgtype=0x550018,name=PHal::Msg_UnlockScreenOrientation) Channel closing: too late to send/recv, messages will be lost

1588911862975	Marionette	INFO	Stopped listening on port 65482

###!!! [Child][RunMessage] Error: Channel closing: too late to send/recv, messages will be lost


###!!! [Child][MessageChannel::SendAndWait] Error: Channel error: cannot send/recv

